<?xml version="1.0" encoding="UTF-8"?>
<coverage generated="1756107897403" clover="3.2.0">
  <project timestamp="1756107897403" name="All files">
    <metrics statements="73" coveredstatements="73" conditionals="37" coveredconditionals="29" methods="29" coveredmethods="29" elements="139" coveredelements="131" complexity="0" loc="73" ncloc="73" packages="3" files="7" classes="7"/>
    <package name="src">
      <metrics statements="23" coveredstatements="23" conditionals="11" coveredconditionals="9" methods="11" coveredmethods="11"/>
      <file name="app.controller.ts" path="/home/nukk/Alukewarmglassofwater-intern-repo/Onboarding/Milestone-9/crudapi/src/app.controller.ts">
        <metrics statements="10" coveredstatements="10" conditionals="8" coveredconditionals="6" methods="4" coveredmethods="4"/>
        <line num="1" count="1" type="stmt"/>
        <line num="2" count="1" type="stmt"/>
        <line num="5" count="1" type="stmt"/>
        <line num="6" count="1" type="cond" truecount="3" falsecount="1"/>
        <line num="9" count="1" type="stmt"/>
        <line num="10" count="1" type="stmt"/>
        <line num="15" count="1" type="stmt"/>
        <line num="16" count="6" type="cond" truecount="3" falsecount="1"/>
        <line num="19" count="1" type="stmt"/>
        <line num="20" count="6" type="stmt"/>
      </file>
      <file name="app.service.ts" path="/home/nukk/Alukewarmglassofwater-intern-repo/Onboarding/Milestone-9/crudapi/src/app.service.ts">
        <metrics statements="13" coveredstatements="13" conditionals="3" coveredconditionals="3" methods="7" coveredmethods="7"/>
        <line num="1" count="3" type="stmt"/>
        <line num="4" count="3" type="stmt"/>
        <line num="6" count="1" type="stmt"/>
        <line num="11" count="3" type="stmt"/>
        <line num="13" count="2" type="stmt"/>
        <line num="18" count="3" type="stmt"/>
        <line num="22" count="15" type="stmt"/>
        <line num="26" count="14" type="stmt"/>
        <line num="30" count="8" type="stmt"/>
        <line num="31" count="8" type="stmt"/>
        <line num="35" count="7" type="stmt"/>
        <line num="36" count="7" type="stmt"/>
        <line num="40" count="2" type="stmt"/>
      </file>
    </package>
    <package name="src.crudmodule.Non-DB functionality">
      <metrics statements="43" coveredstatements="43" conditionals="26" coveredconditionals="20" methods="18" coveredmethods="18"/>
      <file name="crudmodule.controller.ts" path="/home/nukk/Alukewarmglassofwater-intern-repo/Onboarding/Milestone-9/crudapi/src/crudmodule/Non-DB functionality/crudmodule.controller.ts">
        <metrics statements="28" coveredstatements="28" conditionals="24" coveredconditionals="18" methods="10" coveredmethods="10"/>
        <line num="1" count="1" type="stmt"/>
        <line num="10" count="1" type="stmt"/>
        <line num="11" count="1" type="stmt"/>
        <line num="13" count="1" type="stmt"/>
        <line num="14" count="1" type="stmt"/>
        <line num="15" count="1" type="stmt"/>
        <line num="16" count="1" type="stmt"/>
        <line num="17" count="1" type="stmt"/>
        <line num="20" count="1" type="stmt"/>
        <line num="21" count="5" type="cond" truecount="3" falsecount="1"/>
        <line num="24" count="1" type="cond" truecount="3" falsecount="1"/>
        <line num="25" count="1" type="stmt"/>
        <line num="29" count="1" type="stmt"/>
        <line num="30" count="1" type="stmt"/>
        <line num="34" count="1" type="stmt"/>
        <line num="35" count="1" type="stmt"/>
        <line num="39" count="1" type="stmt"/>
        <line num="43" count="1" type="stmt"/>
        <line num="47" count="1" type="stmt"/>
        <line num="48" count="1" type="stmt"/>
        <line num="53" count="1" type="stmt"/>
        <line num="55" count="1" type="cond" truecount="3" falsecount="1"/>
        <line num="58" count="1" type="cond" truecount="3" falsecount="1"/>
        <line num="59" count="1" type="stmt"/>
        <line num="64" count="1" type="stmt"/>
        <line num="65" count="2" type="cond" truecount="3" falsecount="1"/>
        <line num="68" count="1" type="stmt"/>
        <line num="70" count="2" type="stmt"/>
      </file>
      <file name="crudmodule.service.ts" path="/home/nukk/Alukewarmglassofwater-intern-repo/Onboarding/Milestone-9/crudapi/src/crudmodule/Non-DB functionality/crudmodule.service.ts">
        <metrics statements="15" coveredstatements="15" conditionals="2" coveredconditionals="2" methods="8" coveredmethods="8"/>
        <line num="1" count="2" type="stmt"/>
        <line num="8" count="2" type="stmt"/>
        <line num="10" count="1" type="stmt"/>
        <line num="14" count="1" type="stmt"/>
        <line num="18" count="1" type="stmt"/>
        <line num="22" count="1" type="stmt"/>
        <line num="26" count="1" type="stmt"/>
        <line num="31" count="2" type="stmt"/>
        <line num="34" count="1" type="stmt"/>
        <line num="39" count="2" type="stmt"/>
        <line num="40" count="8" type="stmt"/>
        <line num="46" count="3" type="stmt"/>
        <line num="47" count="2" type="cond" truecount="2" falsecount="0"/>
        <line num="48" count="1" type="stmt"/>
        <line num="50" count="1" type="stmt"/>
      </file>
    </package>
    <package name="src.crudmodule.dto">
      <metrics statements="7" coveredstatements="7" conditionals="0" coveredconditionals="0" methods="0" coveredmethods="0"/>
      <file name="create-a-test.dto.ts" path="/home/nukk/Alukewarmglassofwater-intern-repo/Onboarding/Milestone-9/crudapi/src/crudmodule/dto/create-a-test.dto.ts">
        <metrics statements="3" coveredstatements="3" conditionals="0" coveredconditionals="0" methods="0" coveredmethods="0"/>
        <line num="2" count="1" type="stmt"/>
        <line num="4" count="1" type="stmt"/>
        <line num="6" count="1" type="stmt"/>
      </file>
      <file name="create-crudmodule.dto.ts" path="/home/nukk/Alukewarmglassofwater-intern-repo/Onboarding/Milestone-9/crudapi/src/crudmodule/dto/create-crudmodule.dto.ts">
        <metrics statements="1" coveredstatements="1" conditionals="0" coveredconditionals="0" methods="0" coveredmethods="0"/>
        <line num="2" count="1" type="stmt"/>
      </file>
      <file name="update-crudmodule.dto.ts" path="/home/nukk/Alukewarmglassofwater-intern-repo/Onboarding/Milestone-9/crudapi/src/crudmodule/dto/update-crudmodule.dto.ts">
        <metrics statements="3" coveredstatements="3" conditionals="0" coveredconditionals="0" methods="0" coveredmethods="0"/>
        <line num="2" count="1" type="stmt"/>
        <line num="3" count="1" type="stmt"/>
        <line num="5" count="1" type="stmt"/>
      </file>
    </package>
  </project>
</coverage>
