{"/home/nukk/Alukewarmglassofwater-intern-repo/Onboarding/Milestone-9/crudapi/src/app.controller.ts": {"path":"/home/nukk/Alukewarmglassofwater-intern-repo/Onboarding/Milestone-9/crudapi/src/app.controller.ts","statementMap":{"0":{"start":{"line":1,"column":0},"end":{"line":1,"column":56}},"1":{"start":{"line":2,"column":0},"end":{"line":2,"column":65}},"2":{"start":{"line":5,"column":7},"end":{"line":12,"column":null}},"3":{"start":{"line":6,"column":31},"end":{"line":6,"column":43}},"4":{"start":{"line":10,"column":4},"end":{"line":10,"column":38}},"5":{"start":{"line":5,"column":13},"end":{"line":5,"column":26}},"6":{"start":{"line":9,"column":2},"end":{"line":11,"column":null}},"7":{"start":{"line":5,"column":13},"end":{"line":12,"column":null}},"8":{"start":{"line":15,"column":7},"end":{"line":22,"column":null}},"9":{"start":{"line":16,"column":31},"end":{"line":16,"column":53}},"10":{"start":{"line":20,"column":4},"end":{"line":20,"column":63}},"11":{"start":{"line":15,"column":13},"end":{"line":15,"column":36}},"12":{"start":{"line":19,"column":2},"end":{"line":21,"column":null}},"13":{"start":{"line":15,"column":13},"end":{"line":22,"column":null}}},"fnMap":{"0":{"name":"(anonymous_4)","decl":{"start":{"line":6,"column":2},"end":{"line":6,"column":31}},"loc":{"start":{"line":6,"column":53},"end":{"line":6,"column":57}}},"1":{"name":"(anonymous_5)","decl":{"start":{"line":9,"column":2},"end":{"line":9,"column":10}},"loc":{"start":{"line":9,"column":10},"end":{"line":11,"column":3}}},"2":{"name":"(anonymous_6)","decl":{"start":{"line":16,"column":2},"end":{"line":16,"column":31}},"loc":{"start":{"line":16,"column":73},"end":{"line":16,"column":77}}},"3":{"name":"(anonymous_7)","decl":{"start":{"line":19,"column":2},"end":{"line":19,"column":15}},"loc":{"start":{"line":19,"column":60},"end":{"line":21,"column":3}}}},"branchMap":{"0":{"loc":{"start":{"line":6,"column":43},"end":{"line":6,"column":56}},"type":"cond-expr","locations":[{"start":{"line":6,"column":53},"end":{"line":6,"column":56}},{"start":{"line":6,"column":53},"end":{"line":6,"column":56}}]},"1":{"loc":{"start":{"line":6,"column":43},"end":{"line":6,"column":53}},"type":"binary-expr","locations":[{"start":{"line":6,"column":43},"end":{"line":6,"column":56}},{"start":{"line":6,"column":43},"end":{"line":6,"column":53}}]},"2":{"loc":{"start":{"line":16,"column":53},"end":{"line":16,"column":76}},"type":"cond-expr","locations":[{"start":{"line":16,"column":73},"end":{"line":16,"column":76}},{"start":{"line":16,"column":73},"end":{"line":16,"column":76}}]},"3":{"loc":{"start":{"line":16,"column":53},"end":{"line":16,"column":73}},"type":"binary-expr","locations":[{"start":{"line":16,"column":53},"end":{"line":16,"column":76}},{"start":{"line":16,"column":53},"end":{"line":16,"column":73}}]}},"s":{"0":1,"1":1,"2":1,"3":1,"4":1,"5":1,"6":1,"7":1,"8":1,"9":6,"10":6,"11":1,"12":1,"13":1},"f":{"0":1,"1":1,"2":6,"3":6},"b":{"0":[1,0],"1":[1,1],"2":[1,0],"3":[1,1]}}
,"/home/nukk/Alukewarmglassofwater-intern-repo/Onboarding/Milestone-9/crudapi/src/app.service.ts": {"path":"/home/nukk/Alukewarmglassofwater-intern-repo/Onboarding/Milestone-9/crudapi/src/app.service.ts","statementMap":{"0":{"start":{"line":1,"column":0},"end":{"line":1,"column":44}},"1":{"start":{"line":4,"column":7},"end":{"line":8,"column":null}},"2":{"start":{"line":6,"column":4},"end":{"line":6,"column":26}},"3":{"start":{"line":4,"column":13},"end":{"line":4,"column":23}},"4":{"start":{"line":4,"column":13},"end":{"line":8,"column":null}},"5":{"start":{"line":11,"column":7},"end":{"line":15,"column":null}},"6":{"start":{"line":13,"column":4},"end":{"line":13,"column":17}},"7":{"start":{"line":11,"column":13},"end":{"line":11,"column":33}},"8":{"start":{"line":11,"column":13},"end":{"line":15,"column":null}},"9":{"start":{"line":18,"column":7},"end":{"line":42,"column":null}},"10":{"start":{"line":22,"column":4},"end":{"line":22,"column":26}},"11":{"start":{"line":26,"column":4},"end":{"line":26,"column":23}},"12":{"start":{"line":30,"column":4},"end":{"line":30,"column":24}},"13":{"start":{"line":31,"column":4},"end":{"line":31,"column":23}},"14":{"start":{"line":35,"column":4},"end":{"line":35,"column":24}},"15":{"start":{"line":36,"column":4},"end":{"line":36,"column":23}},"16":{"start":{"line":40,"column":4},"end":{"line":40,"column":20}},"17":{"start":{"line":18,"column":13},"end":{"line":18,"column":20}},"18":{"start":{"line":18,"column":13},"end":{"line":42,"column":null}}},"fnMap":{"0":{"name":"(anonymous_2)","decl":{"start":{"line":5,"column":2},"end":{"line":5,"column":10}},"loc":{"start":{"line":5,"column":10},"end":{"line":7,"column":3}}},"1":{"name":"(anonymous_3)","decl":{"start":{"line":12,"column":2},"end":{"line":12,"column":5}},"loc":{"start":{"line":12,"column":26},"end":{"line":14,"column":3}}},"2":{"name":"(anonymous_4)","decl":{"start":{"line":21,"column":2},"end":{"line":21,"column":14}},"loc":{"start":{"line":21,"column":25},"end":{"line":23,"column":3}}},"3":{"name":"(anonymous_5)","decl":{"start":{"line":25,"column":2},"end":{"line":25,"column":6}},"loc":{"start":{"line":25,"column":11},"end":{"line":27,"column":3}}},"4":{"name":"(anonymous_6)","decl":{"start":{"line":29,"column":2},"end":{"line":29,"column":11}},"loc":{"start":{"line":29,"column":20},"end":{"line":32,"column":3}}},"5":{"name":"(anonymous_7)","decl":{"start":{"line":34,"column":2},"end":{"line":34,"column":11}},"loc":{"start":{"line":34,"column":20},"end":{"line":37,"column":3}}},"6":{"name":"(anonymous_8)","decl":{"start":{"line":39,"column":2},"end":{"line":39,"column":7}},"loc":{"start":{"line":39,"column":7},"end":{"line":41,"column":3}}}},"branchMap":{"0":{"loc":{"start":{"line":21,"column":14},"end":{"line":21,"column":25}},"type":"default-arg","locations":[{"start":{"line":21,"column":24},"end":{"line":21,"column":25}}]},"1":{"loc":{"start":{"line":29,"column":12},"end":{"line":29,"column":20}},"type":"default-arg","locations":[{"start":{"line":29,"column":19},"end":{"line":29,"column":20}}]},"2":{"loc":{"start":{"line":34,"column":12},"end":{"line":34,"column":20}},"type":"default-arg","locations":[{"start":{"line":34,"column":19},"end":{"line":34,"column":20}}]}},"s":{"0":3,"1":3,"2":1,"3":3,"4":3,"5":3,"6":2,"7":3,"8":3,"9":3,"10":15,"11":14,"12":8,"13":8,"14":7,"15":7,"16":2,"17":3,"18":3},"f":{"0":1,"1":2,"2":15,"3":14,"4":8,"5":7,"6":2},"b":{"0":[3],"1":[2],"2":[1]}}
,"/home/nukk/Alukewarmglassofwater-intern-repo/Onboarding/Milestone-9/crudapi/src/crudmodule/Non-DB functionality/crudmodule.controller.ts": {"path":"/home/nukk/Alukewarmglassofwater-intern-repo/Onboarding/Milestone-9/crudapi/src/crudmodule/Non-DB functionality/crudmodule.controller.ts","statementMap":{"0":{"start":{"line":1,"column":0},"end":{"line":1,"column":null}},"1":{"start":{"line":10,"column":0},"end":{"line":10,"column":67}},"2":{"start":{"line":11,"column":0},"end":{"line":11,"column":67}},"3":{"start":{"line":13,"column":0},"end":{"line":13,"column":52}},"4":{"start":{"line":14,"column":0},"end":{"line":14,"column":51}},"5":{"start":{"line":15,"column":0},"end":{"line":15,"column":46}},"6":{"start":{"line":16,"column":0},"end":{"line":16,"column":57}},"7":{"start":{"line":17,"column":0},"end":{"line":17,"column":49}},"8":{"start":{"line":20,"column":7},"end":{"line":50,"column":null}},"9":{"start":{"line":21,"column":31},"end":{"line":21,"column":50}},"10":{"start":{"line":25,"column":4},"end":{"line":25,"column":62}},"11":{"start":{"line":30,"column":4},"end":{"line":30,"column":44}},"12":{"start":{"line":35,"column":4},"end":{"line":35,"column":47}},"13":{"start":{"line":43,"column":4},"end":{"line":43,"column":67}},"14":{"start":{"line":48,"column":4},"end":{"line":48,"column":46}},"15":{"start":{"line":20,"column":13},"end":{"line":20,"column":33}},"16":{"start":{"line":24,"column":2},"end":{"line":26,"column":null}},"17":{"start":{"line":29,"column":2},"end":{"line":31,"column":null}},"18":{"start":{"line":34,"column":2},"end":{"line":36,"column":null}},"19":{"start":{"line":39,"column":2},"end":{"line":44,"column":null}},"20":{"start":{"line":47,"column":2},"end":{"line":49,"column":null}},"21":{"start":{"line":20,"column":13},"end":{"line":50,"column":null}},"22":{"start":{"line":53,"column":7},"end":{"line":61,"column":null}},"23":{"start":{"line":55,"column":31},"end":{"line":55,"column":45}},"24":{"start":{"line":59,"column":4},"end":{"line":59,"column":41}},"25":{"start":{"line":53,"column":13},"end":{"line":53,"column":22}},"26":{"start":{"line":58,"column":2},"end":{"line":60,"column":null}},"27":{"start":{"line":53,"column":13},"end":{"line":61,"column":null}},"28":{"start":{"line":64,"column":7},"end":{"line":72,"column":null}},"29":{"start":{"line":65,"column":31},"end":{"line":65,"column":42}},"30":{"start":{"line":70,"column":4},"end":{"line":70,"column":44}},"31":{"start":{"line":64,"column":13},"end":{"line":64,"column":26}},"32":{"start":{"line":68,"column":2},"end":{"line":71,"column":null}},"33":{"start":{"line":64,"column":13},"end":{"line":72,"column":null}}},"fnMap":{"0":{"name":"(anonymous_4)","decl":{"start":{"line":21,"column":2},"end":{"line":21,"column":31}},"loc":{"start":{"line":21,"column":67},"end":{"line":21,"column":71}}},"1":{"name":"(anonymous_5)","decl":{"start":{"line":24,"column":2},"end":{"line":24,"column":8}},"loc":{"start":{"line":24,"column":57},"end":{"line":26,"column":3}}},"2":{"name":"(anonymous_6)","decl":{"start":{"line":29,"column":2},"end":{"line":29,"column":9}},"loc":{"start":{"line":29,"column":9},"end":{"line":31,"column":3}}},"3":{"name":"(anonymous_7)","decl":{"start":{"line":34,"column":2},"end":{"line":34,"column":9}},"loc":{"start":{"line":34,"column":33},"end":{"line":36,"column":3}}},"4":{"name":"(anonymous_8)","decl":{"start":{"line":39,"column":2},"end":{"line":39,"column":8}},"loc":{"start":{"line":41,"column":52},"end":{"line":44,"column":3}}},"5":{"name":"(anonymous_9)","decl":{"start":{"line":47,"column":2},"end":{"line":47,"column":8}},"loc":{"start":{"line":47,"column":32},"end":{"line":49,"column":3}}},"6":{"name":"(anonymous_10)","decl":{"start":{"line":55,"column":2},"end":{"line":55,"column":31}},"loc":{"start":{"line":55,"column":57},"end":{"line":55,"column":61}}},"7":{"name":"(anonymous_11)","decl":{"start":{"line":58,"column":2},"end":{"line":58,"column":6}},"loc":{"start":{"line":58,"column":27},"end":{"line":60,"column":3}}},"8":{"name":"(anonymous_12)","decl":{"start":{"line":65,"column":2},"end":{"line":65,"column":31}},"loc":{"start":{"line":65,"column":51},"end":{"line":65,"column":55}}},"9":{"name":"(anonymous_13)","decl":{"start":{"line":68,"column":2},"end":{"line":68,"column":9}},"loc":{"start":{"line":68,"column":47},"end":{"line":71,"column":3}}}},"branchMap":{"0":{"loc":{"start":{"line":24,"column":38},"end":{"line":24,"column":null}},"type":"cond-expr","locations":[{"start":{"line":24,"column":57},"end":{"line":24,"column":null}},{"start":{"line":24,"column":57},"end":{"line":24,"column":null}}]},"1":{"loc":{"start":{"line":24,"column":38},"end":{"line":24,"column":57}},"type":"binary-expr","locations":[{"start":{"line":24,"column":38},"end":{"line":24,"column":null}},{"start":{"line":24,"column":38},"end":{"line":24,"column":57}}]},"2":{"loc":{"start":{"line":41,"column":33},"end":{"line":41,"column":null}},"type":"cond-expr","locations":[{"start":{"line":41,"column":52},"end":{"line":41,"column":null}},{"start":{"line":41,"column":52},"end":{"line":41,"column":null}}]},"3":{"loc":{"start":{"line":41,"column":33},"end":{"line":41,"column":52}},"type":"binary-expr","locations":[{"start":{"line":41,"column":33},"end":{"line":41,"column":null}},{"start":{"line":41,"column":33},"end":{"line":41,"column":52}}]},"4":{"loc":{"start":{"line":21,"column":50},"end":{"line":21,"column":70}},"type":"cond-expr","locations":[{"start":{"line":21,"column":67},"end":{"line":21,"column":70}},{"start":{"line":21,"column":67},"end":{"line":21,"column":70}}]},"5":{"loc":{"start":{"line":21,"column":50},"end":{"line":21,"column":67}},"type":"binary-expr","locations":[{"start":{"line":21,"column":50},"end":{"line":21,"column":70}},{"start":{"line":21,"column":50},"end":{"line":21,"column":67}}]},"6":{"loc":{"start":{"line":58,"column":20},"end":{"line":58,"column":null}},"type":"cond-expr","locations":[{"start":{"line":58,"column":27},"end":{"line":58,"column":null}},{"start":{"line":58,"column":27},"end":{"line":58,"column":null}}]},"7":{"loc":{"start":{"line":58,"column":20},"end":{"line":58,"column":27}},"type":"binary-expr","locations":[{"start":{"line":58,"column":20},"end":{"line":58,"column":null}},{"start":{"line":58,"column":20},"end":{"line":58,"column":27}}]},"8":{"loc":{"start":{"line":55,"column":45},"end":{"line":55,"column":60}},"type":"cond-expr","locations":[{"start":{"line":55,"column":57},"end":{"line":55,"column":60}},{"start":{"line":55,"column":57},"end":{"line":55,"column":60}}]},"9":{"loc":{"start":{"line":55,"column":45},"end":{"line":55,"column":57}},"type":"binary-expr","locations":[{"start":{"line":55,"column":45},"end":{"line":55,"column":60}},{"start":{"line":55,"column":45},"end":{"line":55,"column":57}}]},"10":{"loc":{"start":{"line":65,"column":42},"end":{"line":65,"column":54}},"type":"cond-expr","locations":[{"start":{"line":65,"column":51},"end":{"line":65,"column":54}},{"start":{"line":65,"column":51},"end":{"line":65,"column":54}}]},"11":{"loc":{"start":{"line":65,"column":42},"end":{"line":65,"column":51}},"type":"binary-expr","locations":[{"start":{"line":65,"column":42},"end":{"line":65,"column":54}},{"start":{"line":65,"column":42},"end":{"line":65,"column":51}}]}},"s":{"0":1,"1":1,"2":1,"3":1,"4":1,"5":1,"6":1,"7":1,"8":1,"9":5,"10":1,"11":1,"12":1,"13":1,"14":1,"15":1,"16":1,"17":1,"18":1,"19":1,"20":1,"21":1,"22":1,"23":1,"24":1,"25":1,"26":1,"27":1,"28":1,"29":2,"30":2,"31":1,"32":1,"33":1},"f":{"0":5,"1":1,"2":1,"3":1,"4":1,"5":1,"6":1,"7":1,"8":2,"9":2},"b":{"0":[1,0],"1":[1,1],"2":[1,0],"3":[1,1],"4":[1,0],"5":[1,1],"6":[1,0],"7":[1,1],"8":[1,0],"9":[1,1],"10":[1,0],"11":[1,1]}}
,"/home/nukk/Alukewarmglassofwater-intern-repo/Onboarding/Milestone-9/crudapi/src/crudmodule/Non-DB functionality/crudmodule.service.ts": {"path":"/home/nukk/Alukewarmglassofwater-intern-repo/Onboarding/Milestone-9/crudapi/src/crudmodule/Non-DB functionality/crudmodule.service.ts","statementMap":{"0":{"start":{"line":1,"column":0},"end":{"line":1,"column":63}},"1":{"start":{"line":8,"column":7},"end":{"line":28,"column":null}},"2":{"start":{"line":10,"column":4},"end":{"line":10,"column":47}},"3":{"start":{"line":14,"column":4},"end":{"line":14,"column":48}},"4":{"start":{"line":18,"column":4},"end":{"line":18,"column":53}},"5":{"start":{"line":22,"column":4},"end":{"line":22,"column":53}},"6":{"start":{"line":26,"column":4},"end":{"line":26,"column":53}},"7":{"start":{"line":8,"column":13},"end":{"line":8,"column":30}},"8":{"start":{"line":8,"column":13},"end":{"line":28,"column":null}},"9":{"start":{"line":31,"column":7},"end":{"line":36,"column":null}},"10":{"start":{"line":34,"column":4},"end":{"line":34,"column":61}},"11":{"start":{"line":31,"column":13},"end":{"line":31,"column":25}},"12":{"start":{"line":31,"column":13},"end":{"line":36,"column":null}},"13":{"start":{"line":39,"column":7},"end":{"line":52,"column":null}},"14":{"start":{"line":40,"column":18},"end":{"line":43,"column":4}},"15":{"start":{"line":46,"column":17},"end":{"line":46,"column":52}},"16":{"start":{"line":46,"column":40},"end":{"line":46,"column":51}},"17":{"start":{"line":47,"column":4},"end":{"line":49,"column":5}},"18":{"start":{"line":48,"column":6},"end":{"line":48,"column":80}},"19":{"start":{"line":50,"column":4},"end":{"line":50,"column":16}},"20":{"start":{"line":39,"column":13},"end":{"line":39,"column":22}},"21":{"start":{"line":39,"column":13},"end":{"line":52,"column":null}}},"fnMap":{"0":{"name":"(anonymous_1)","decl":{"start":{"line":9,"column":2},"end":{"line":9,"column":8}},"loc":{"start":{"line":9,"column":49},"end":{"line":11,"column":3}}},"1":{"name":"(anonymous_2)","decl":{"start":{"line":13,"column":2},"end":{"line":13,"column":9}},"loc":{"start":{"line":13,"column":9},"end":{"line":15,"column":3}}},"2":{"name":"(anonymous_3)","decl":{"start":{"line":17,"column":2},"end":{"line":17,"column":9}},"loc":{"start":{"line":17,"column":20},"end":{"line":19,"column":3}}},"3":{"name":"(anonymous_4)","decl":{"start":{"line":21,"column":2},"end":{"line":21,"column":8}},"loc":{"start":{"line":21,"column":61},"end":{"line":23,"column":3}}},"4":{"name":"(anonymous_5)","decl":{"start":{"line":25,"column":2},"end":{"line":25,"column":8}},"loc":{"start":{"line":25,"column":19},"end":{"line":27,"column":3}}},"5":{"name":"(anonymous_6)","decl":{"start":{"line":32,"column":2},"end":{"line":32,"column":8}},"loc":{"start":{"line":32,"column":21},"end":{"line":35,"column":3}}},"6":{"name":"(anonymous_7)","decl":{"start":{"line":45,"column":2},"end":{"line":45,"column":15}},"loc":{"start":{"line":45,"column":26},"end":{"line":51,"column":3}}},"7":{"name":"(anonymous_8)","decl":{"start":{"line":46,"column":33},"end":{"line":46,"column":34}},"loc":{"start":{"line":46,"column":40},"end":{"line":46,"column":51}}}},"branchMap":{"0":{"loc":{"start":{"line":47,"column":4},"end":{"line":49,"column":5}},"type":"if","locations":[{"start":{"line":47,"column":4},"end":{"line":49,"column":5}},{"start":{},"end":{}}]}},"s":{"0":2,"1":2,"2":1,"3":1,"4":1,"5":1,"6":1,"7":2,"8":2,"9":2,"10":1,"11":2,"12":2,"13":2,"14":8,"15":2,"16":3,"17":2,"18":1,"19":1,"20":2,"21":2},"f":{"0":1,"1":1,"2":1,"3":1,"4":1,"5":1,"6":2,"7":3},"b":{"0":[1,1]}}
,"/home/nukk/Alukewarmglassofwater-intern-repo/Onboarding/Milestone-9/crudapi/src/crudmodule/dto/create-a-test.dto.ts": {"path":"/home/nukk/Alukewarmglassofwater-intern-repo/Onboarding/Milestone-9/crudapi/src/crudmodule/dto/create-a-test.dto.ts","statementMap":{"0":{"start":{"line":2,"column":0},"end":{"line":2,"column":43}},"1":{"start":{"line":4,"column":0},"end":{"line":4,"column":13}},"2":{"start":{"line":6,"column":2},"end":{"line":6,"column":null}}},"fnMap":{},"branchMap":{},"s":{"0":1,"1":1,"2":1},"f":{},"b":{}}
,"/home/nukk/Alukewarmglassofwater-intern-repo/Onboarding/Milestone-9/crudapi/src/crudmodule/dto/create-crudmodule.dto.ts": {"path":"/home/nukk/Alukewarmglassofwater-intern-repo/Onboarding/Milestone-9/crudapi/src/crudmodule/dto/create-crudmodule.dto.ts","statementMap":{"0":{"start":{"line":2,"column":0},"end":{"line":2,"column":13}}},"fnMap":{},"branchMap":{},"s":{"0":1},"f":{},"b":{}}
,"/home/nukk/Alukewarmglassofwater-intern-repo/Onboarding/Milestone-9/crudapi/src/crudmodule/dto/update-crudmodule.dto.ts": {"path":"/home/nukk/Alukewarmglassofwater-intern-repo/Onboarding/Milestone-9/crudapi/src/crudmodule/dto/update-crudmodule.dto.ts","statementMap":{"0":{"start":{"line":2,"column":0},"end":{"line":2,"column":51}},"1":{"start":{"line":3,"column":0},"end":{"line":3,"column":62}},"2":{"start":{"line":5,"column":0},"end":{"line":5,"column":13}}},"fnMap":{},"branchMap":{},"s":{"0":1,"1":1,"2":1},"f":{},"b":{}}
}
