TN:
SF:src/app.controller.ts
FN:6,(anonymous_4)
FN:9,(anonymous_5)
FN:16,(anonymous_6)
FN:19,(anonymous_7)
FNF:4
FNH:4
FNDA:1,(anonymous_4)
FNDA:1,(anonymous_5)
FNDA:6,(anonymous_6)
FNDA:6,(anonymous_7)
DA:1,1
DA:2,1
DA:5,1
DA:6,1
DA:9,1
DA:10,1
DA:15,1
DA:16,6
DA:19,1
DA:20,6
LF:10
LH:10
BRDA:6,0,0,1
BRDA:6,0,1,0
BRDA:6,1,0,1
BRDA:6,1,1,1
BRDA:16,2,0,1
BRDA:16,2,1,0
BRDA:16,3,0,1
BRDA:16,3,1,1
BRF:8
BRH:6
end_of_record
TN:
SF:src/app.service.ts
FN:5,(anonymous_2)
FN:12,(anonymous_3)
FN:21,(anonymous_4)
FN:25,(anonymous_5)
FN:29,(anonymous_6)
FN:34,(anonymous_7)
FN:39,(anonymous_8)
FNF:7
FNH:7
FNDA:1,(anonymous_2)
FNDA:2,(anonymous_3)
FNDA:15,(anonymous_4)
FNDA:14,(anonymous_5)
FNDA:8,(anonymous_6)
FNDA:7,(anonymous_7)
FNDA:2,(anonymous_8)
DA:1,3
DA:4,3
DA:6,1
DA:11,3
DA:13,2
DA:18,3
DA:22,15
DA:26,14
DA:30,8
DA:31,8
DA:35,7
DA:36,7
DA:40,2
LF:13
LH:13
BRDA:21,0,0,3
BRDA:29,1,0,2
BRDA:34,2,0,1
BRF:3
BRH:3
end_of_record
TN:
SF:src/crudmodule/Non-DB functionality/crudmodule.controller.ts
FN:21,(anonymous_4)
FN:24,(anonymous_5)
FN:29,(anonymous_6)
FN:34,(anonymous_7)
FN:39,(anonymous_8)
FN:47,(anonymous_9)
FN:55,(anonymous_10)
FN:58,(anonymous_11)
FN:65,(anonymous_12)
FN:68,(anonymous_13)
FNF:10
FNH:10
FNDA:5,(anonymous_4)
FNDA:1,(anonymous_5)
FNDA:1,(anonymous_6)
FNDA:1,(anonymous_7)
FNDA:1,(anonymous_8)
FNDA:1,(anonymous_9)
FNDA:1,(anonymous_10)
FNDA:1,(anonymous_11)
FNDA:2,(anonymous_12)
FNDA:2,(anonymous_13)
DA:1,1
DA:10,1
DA:11,1
DA:13,1
DA:14,1
DA:15,1
DA:16,1
DA:17,1
DA:20,1
DA:21,5
DA:24,1
DA:25,1
DA:29,1
DA:30,1
DA:34,1
DA:35,1
DA:39,1
DA:43,1
DA:47,1
DA:48,1
DA:53,1
DA:55,1
DA:58,1
DA:59,1
DA:64,1
DA:65,2
DA:68,1
DA:70,2
LF:28
LH:28
BRDA:24,0,0,1
BRDA:24,0,1,0
BRDA:24,1,0,1
BRDA:24,1,1,1
BRDA:41,2,0,1
BRDA:41,2,1,0
BRDA:41,3,0,1
BRDA:41,3,1,1
BRDA:21,4,0,1
BRDA:21,4,1,0
BRDA:21,5,0,1
BRDA:21,5,1,1
BRDA:58,6,0,1
BRDA:58,6,1,0
BRDA:58,7,0,1
BRDA:58,7,1,1
BRDA:55,8,0,1
BRDA:55,8,1,0
BRDA:55,9,0,1
BRDA:55,9,1,1
BRDA:65,10,0,1
BRDA:65,10,1,0
BRDA:65,11,0,1
BRDA:65,11,1,1
BRF:24
BRH:18
end_of_record
TN:
SF:src/crudmodule/Non-DB functionality/crudmodule.service.ts
FN:9,(anonymous_1)
FN:13,(anonymous_2)
FN:17,(anonymous_3)
FN:21,(anonymous_4)
FN:25,(anonymous_5)
FN:32,(anonymous_6)
FN:45,(anonymous_7)
FN:46,(anonymous_8)
FNF:8
FNH:8
FNDA:1,(anonymous_1)
FNDA:1,(anonymous_2)
FNDA:1,(anonymous_3)
FNDA:1,(anonymous_4)
FNDA:1,(anonymous_5)
FNDA:1,(anonymous_6)
FNDA:2,(anonymous_7)
FNDA:3,(anonymous_8)
DA:1,2
DA:8,2
DA:10,1
DA:14,1
DA:18,1
DA:22,1
DA:26,1
DA:31,2
DA:34,1
DA:39,2
DA:40,8
DA:46,3
DA:47,2
DA:48,1
DA:50,1
LF:15
LH:15
BRDA:47,0,0,1
BRDA:47,0,1,1
BRF:2
BRH:2
end_of_record
TN:
SF:src/crudmodule/dto/create-a-test.dto.ts
FNF:0
FNH:0
DA:2,1
DA:4,1
DA:6,1
LF:3
LH:3
BRF:0
BRH:0
end_of_record
TN:
SF:src/crudmodule/dto/create-crudmodule.dto.ts
FNF:0
FNH:0
DA:2,1
LF:1
LH:1
BRF:0
BRH:0
end_of_record
TN:
SF:src/crudmodule/dto/update-crudmodule.dto.ts
FNF:0
FNH:0
DA:2,1
DA:3,1
DA:5,1
LF:3
LH:3
BRF:0
BRH:0
end_of_record
