{"/home/nukk/Alukewarmglassofwater-intern-repo/Onboarding/Milestone-4/Jest environment/unittesting.js": {"path":"/home/nukk/Alukewarmglassofwater-intern-repo/Onboarding/Milestone-4/Jest environment/unittesting.js","statementMap":{"0":{"start":{"line":3,"column":21},"end":{"line":17,"column":1}},"1":{"start":{"line":10,"column":4},"end":{"line":10,"column":28}},"2":{"start":{"line":11,"column":4},"end":{"line":11,"column":22}},"3":{"start":{"line":13,"column":4},"end":{"line":15,"column":5}},"4":{"start":{"line":13,"column":17},"end":{"line":13,"column":18}},"5":{"start":{"line":14,"column":6},"end":{"line":14,"column":64}},"6":{"start":{"line":19,"column":0},"end":{"line":19,"column":36}},"7":{"start":{"line":20,"column":0},"end":{"line":20,"column":40}},"8":{"start":{"line":22,"column":17},"end":{"line":22,"column":74}},"9":{"start":{"line":24,"column":0},"end":{"line":24,"column":30}},"10":{"start":{"line":26,"column":13},"end":{"line":26,"column":28}},"11":{"start":{"line":28,"column":26},"end":{"line":32,"column":1}},"12":{"start":{"line":29,"column":2},"end":{"line":31,"column":3}},"13":{"start":{"line":29,"column":15},"end":{"line":29,"column":16}},"14":{"start":{"line":30,"column":4},"end":{"line":30,"column":25}},"15":{"start":{"line":33,"column":0},"end":{"line":33,"column":20}},"16":{"start":{"line":35,"column":0},"end":{"line":35,"column":69}}},"fnMap":{"0":{"name":"(anonymous_0)","decl":{"start":{"line":7,"column":16},"end":{"line":7,"column":17}},"loc":{"start":{"line":7,"column":37},"end":{"line":16,"column":3}},"line":7},"1":{"name":"(anonymous_1)","decl":{"start":{"line":28,"column":26},"end":{"line":28,"column":27}},"loc":{"start":{"line":28,"column":32},"end":{"line":32,"column":1}},"line":28}},"branchMap":{},"s":{"0":1,"1":5,"2":5,"3":5,"4":5,"5":15,"6":1,"7":1,"8":1,"9":1,"10":1,"11":1,"12":2,"13":2,"14":10,"15":1,"16":1},"f":{"0":5,"1":2},"b":{},"_coverageSchema":"1a1c01bbd47fc00a2c39e90264f33305004495a9","hash":"69148daf02db388b5f0649cb39f388b2a5baa9f3"}
}
